0 info it worked if it ends with ok
1 verbose cli [ 'C:\\Program Files\\nodejs\\node.exe',
1 verbose cli   'C:\\Program Files\\nodejs\\node_modules\\npm\\bin\\npm-cli.js',
1 verbose cli   'run',
1 verbose cli   'watch' ]
2 info using npm@3.10.10
3 info using node@v6.10.3
4 verbose run-script [ 'prewatch', 'watch', 'postwatch' ]
5 info lifecycle @~prewatch: @
6 silly lifecycle @~prewatch: no script for prewatch, continuing
7 info lifecycle @~watch: @
8 verbose lifecycle @~watch: unsafe-perm in lifecycle true
9 verbose lifecycle @~watch: PATH: C:\Program Files\nodejs\node_modules\npm\bin\node-gyp-bin;w:\domains\localhost\mazi\node_modules\.bin;F:\openserver\modules\conemu\ConEmu\Scripts;F:\openserver\modules\conemu;F:\openserver\modules\conemu\ConEmu;w:\modules\php\PHP-5.6\ext;w:\modules\php\PHP-5.6\pear;w:\modules\php\PHP-5.6\pear\bin;w:\modules\php\PHP-5.6;w:\modules\imagemagick;w:\modules\wget\bin;w:\modules\git;w:\modules\git\bin;w:\modules\git\mingw\bin;w:\modules\git\cmd;w:\modules\database\MySQL-5.7-x64\bin;w:\modules\database\PostgreSQL-9.5-x64\bin;w:\modules\database\PostgreSQL-9.5-x64\lib;w:\modules\http\Apache-2.4\bin;w:\modules\http\Apache-2.4;C:\Windows\system32;C:\Windows;C:\Windows\system32\Wbem;C:\Windows\SysWOW64;C:\Program Files\NVIDIA GPU Computing Toolkit\CUDA\v8.0\bin;C:\Program Files\NVIDIA GPU Computing Toolkit\CUDA\v8.0\libnvvp;C:\ProgramData\Oracle\Java\javapath;C:\Program Files (x86)\Intel\iCLS Client\;C:\Program Files\Intel\iCLS Client\;C:\Windows\system32;C:\Windows;C:\Windows\System32\Wbem;C:\Windows\System32\WindowsPowerShell\v1.0\;C:\Program Files\Intel\Intel(R) Management Engine Components\DAL;C:\Program Files\Intel\Intel(R) Management Engine Components\IPT;C:\Program Files (x86)\Intel\Intel(R) Management Engine Components\DAL;C:\Program Files (x86)\Intel\Intel(R) Management Engine Components\IPT;C:\Program Files (x86)\NVIDIA Corporation\PhysX\Common;c:\Program Files (x86)\Microsoft SQL Server\100\Tools\Binn\;c:\Program Files\Microsoft SQL Server\100\Tools\Binn\;c:\Program Files\Microsoft SQL Server\100\DTS\Binn\;C:\Program Files\Java\jdk1.8.0_121\bin\;F:\matlab\runtime\win64;F:\matlab\bin;F:\matlab\polyspace\bin;C:\Program Files (x86)\Git\cmd;C:\Program Files\nodejs\;C:\Program Files (x86)\Skype\Phone\;C:\Ruby23-x64\bin;C:\Users\Vladymir\AppData\Roaming\npm;%DASHLANE_DLL_DIR%
10 verbose lifecycle @~watch: CWD: w:\domains\localhost\mazi
11 silly lifecycle @~watch: Args: [ '/d /s /c',
11 silly lifecycle   'cross-env NODE_ENV=development node_modules/webpack/bin/webpack.js --watch --progress --hide-modules --config=node_modules/laravel-mix/setup/webpack.config.js' ]
12 silly lifecycle @~watch: Returned: code: 1  signal: null
13 info lifecycle @~watch: Failed to exec watch script
14 verbose stack Error: @ watch: `cross-env NODE_ENV=development node_modules/webpack/bin/webpack.js --watch --progress --hide-modules --config=node_modules/laravel-mix/setup/webpack.config.js`
14 verbose stack Exit status 1
14 verbose stack     at EventEmitter.<anonymous> (C:\Program Files\nodejs\node_modules\npm\lib\utils\lifecycle.js:255:16)
14 verbose stack     at emitTwo (events.js:106:13)
14 verbose stack     at EventEmitter.emit (events.js:191:7)
14 verbose stack     at ChildProcess.<anonymous> (C:\Program Files\nodejs\node_modules\npm\lib\utils\spawn.js:40:14)
14 verbose stack     at emitTwo (events.js:106:13)
14 verbose stack     at ChildProcess.emit (events.js:191:7)
14 verbose stack     at maybeClose (internal/child_process.js:886:16)
14 verbose stack     at Process.ChildProcess._handle.onexit (internal/child_process.js:226:5)
15 verbose pkgid @
16 verbose cwd w:\domains\localhost\mazi
17 error Windows_NT 6.1.7601
18 error argv "C:\\Program Files\\nodejs\\node.exe" "C:\\Program Files\\nodejs\\node_modules\\npm\\bin\\npm-cli.js" "run" "watch"
19 error node v6.10.3
20 error npm  v3.10.10
21 error code ELIFECYCLE
22 error @ watch: `cross-env NODE_ENV=development node_modules/webpack/bin/webpack.js --watch --progress --hide-modules --config=node_modules/laravel-mix/setup/webpack.config.js`
22 error Exit status 1
23 error Failed at the @ watch script 'cross-env NODE_ENV=development node_modules/webpack/bin/webpack.js --watch --progress --hide-modules --config=node_modules/laravel-mix/setup/webpack.config.js'.
23 error Make sure you have the latest version of node.js and npm installed.
23 error If you do, this is most likely a problem with the  package,
23 error not with npm itself.
23 error Tell the author that this fails on your system:
23 error     cross-env NODE_ENV=development node_modules/webpack/bin/webpack.js --watch --progress --hide-modules --config=node_modules/laravel-mix/setup/webpack.config.js
23 error You can get information on how to open an issue for this project with:
23 error     npm bugs
23 error Or if that isn't available, you can get their info via:
23 error     npm owner ls
23 error There is likely additional logging output above.
24 verbose exit [ 1, true ]
